<?xml version="1.0" encoding="UTF-8"?>
<!-- Generated by org.testng.reporters.JUnitReportReporter -->
<testsuite name="com.Testcases.LinkcountTest" tests="1" time="1.955" ignored="0" failures="0" timestamp="23 Apr 2021 19:18:08 GMT" skipped="0" hostname="vibhav" errors="0">
  <testcase name="Linkcount" time="1.955" classname="com.Testcases.LinkcountTest"/>
</testsuite> <!-- com.Testcases.LinkcountTest -->
