<?xml version="1.0" encoding="UTF-8"?>
<!-- Generated by org.testng.reporters.JUnitReportReporter -->
<testsuite name="com.Testcases.PrintTitleTest" tests="1" time="3.551" ignored="0" failures="0" timestamp="23 Apr 2021 20:05:13 GMT" skipped="0" hostname="vibhav" errors="0">
  <testcase name="printtitle" time="3.551" classname="com.Testcases.PrintTitleTest"/>
</testsuite> <!-- com.Testcases.PrintTitleTest -->
