<?xml version="1.0" encoding="UTF-8"?>
<!-- Generated by org.testng.reporters.JUnitReportReporter -->
<testsuite name="com.Testcases.Itemcount_incart_checkout" tests="3" time="37.731" ignored="0" failures="0" timestamp="02 May 2021 11:29:33 GMT" skipped="0" hostname="vibhav" errors="0">
  <testcase name="totallinksonpage" time="0.877" classname="com.Testcases.Itemcount_incart_checkout"/>
  <testcase name="Enteritem_checkout" time="32.409" classname="com.Testcases.Itemcount_incart_checkout"/>
  <testcase name="printtitle" time="4.445" classname="com.Testcases.Itemcount_incart_checkout"/>
</testsuite> <!-- com.Testcases.Itemcount_incart_checkout -->
