<?xml version="1.0" encoding="UTF-8"?>
<!-- Generated by org.testng.reporters.JUnitReportReporter -->
<testsuite name="com.Testcases.Itemcount_incart_checkout" tests="3" time="33.758" ignored="0" failures="0" timestamp="02 May 2021 11:24:06 GMT" skipped="0" hostname="vibhav" errors="0">
  <testcase name="printtitle" time="3.551" classname="com.Testcases.Itemcount_incart_checkout"/>
  <testcase name="Enteritem_checkout" time="26.494" classname="com.Testcases.Itemcount_incart_checkout"/>
  <testcase name="totallinksonpage" time="3.713" classname="com.Testcases.Itemcount_incart_checkout"/>
</testsuite> <!-- com.Testcases.Itemcount_incart_checkout -->
